TN:
SF:/home/labber/scheduler/src/components/Application.js
FN:16,Application
FN:27,(anonymous_1)
FNF:2
FNH:2
FNDA:6,Application
FNDA:8,(anonymous_1)
DA:22,6
DA:24,6
DA:26,6
DA:28,8
DA:41,6
LF:5
LH:5
BRF:0
BRH:0
end_of_record
TN:
SF:/home/labber/scheduler/src/components/Button.js
FN:7,Button
FNF:1
FNH:1
FNDA:31,Button
DA:8,31
DA:13,31
LF:2
LH:2
BRF:0
BRH:0
end_of_record
TN:
SF:/home/labber/scheduler/src/components/DayList.js
FN:5,DayList
FN:6,(anonymous_1)
FNF:2
FNH:2
FNDA:6,DayList
FNDA:8,(anonymous_1)
DA:6,6
DA:7,8
DA:18,6
LF:3
LH:3
BRF:0
BRH:0
end_of_record
TN:
SF:/home/labber/scheduler/src/components/DayListItem.js
FN:6,formatSpots
FN:13,DayListItem
FN:22,(anonymous_2)
FNF:3
FNH:3
FNDA:8,formatSpots
FNDA:8,DayListItem
FNDA:1,(anonymous_2)
DA:7,8
DA:8,7
DA:10,0
DA:14,8
DA:19,8
DA:22,1
LF:6
LH:5
BRDA:7,0,0,1
BRDA:7,0,1,7
BRDA:8,1,0,7
BRDA:8,1,1,0
BRF:4
BRH:3
end_of_record
TN:
SF:/home/labber/scheduler/src/components/InterviewerList.js
FN:8,InterviewerList
FN:9,(anonymous_1)
FN:17,(anonymous_2)
FNF:3
FNH:3
FNDA:15,InterviewerList
FNDA:18,(anonymous_1)
FNDA:1,(anonymous_2)
DA:9,15
DA:10,18
DA:17,1
DA:22,15
DA:30,2
LF:5
LH:5
BRF:0
BRH:0
end_of_record
TN:
SF:/home/labber/scheduler/src/components/InterviewerListItem.js
FN:6,InterviewerItem
FNF:1
FNH:1
FNDA:18,InterviewerItem
DA:7,18
DA:11,18
LF:2
LH:2
BRDA:18,0,0,18
BRDA:18,0,1,5
BRF:2
BRH:2
end_of_record
TN:
SF:/home/labber/scheduler/src/components/Appointment/Confirm.js
FN:5,Confirm
FNF:1
FNH:0
FNDA:0,Confirm
DA:6,0
LF:1
LH:0
BRF:0
BRH:0
end_of_record
TN:
SF:/home/labber/scheduler/src/components/Appointment/Empty.js
FN:3,Empty
FNF:1
FNH:1
FNDA:9,Empty
DA:4,9
LF:1
LH:1
BRF:0
BRH:0
end_of_record
TN:
SF:/home/labber/scheduler/src/components/Appointment/Error.js
FN:3,Error
FNF:1
FNH:0
FNDA:0,Error
DA:4,0
LF:1
LH:0
BRF:0
BRH:0
end_of_record
TN:
SF:/home/labber/scheduler/src/components/Appointment/Form.js
FN:6,Form
FN:12,reset
FN:18,cancel
FN:23,validate
FN:42,(anonymous_4)
FN:49,(anonymous_5)
FNF:6
FNH:5
FNDA:15,Form
FNDA:1,reset
FNDA:1,cancel
FNDA:5,validate
FNDA:0,(anonymous_4)
FNDA:3,(anonymous_5)
DA:7,15
DA:8,15
DA:9,15
DA:13,1
DA:14,1
DA:15,1
DA:19,1
DA:20,1
DA:24,5
DA:25,2
DA:26,2
DA:29,3
DA:30,1
DA:31,1
DA:34,2
DA:35,2
DA:39,15
DA:42,0
DA:50,3
LF:19
LH:18
BRDA:7,0,0,15
BRDA:7,0,1,10
BRDA:8,1,0,15
BRDA:8,1,1,11
BRDA:24,2,0,2
BRDA:24,2,1,3
BRDA:29,3,0,1
BRDA:29,3,1,2
BRF:8
BRH:8
end_of_record
TN:
SF:/home/labber/scheduler/src/components/Appointment/Header.js
FN:3,Header
FNF:1
FNH:1
FNDA:17,Header
DA:4,17
LF:1
LH:1
BRF:0
BRH:0
end_of_record
TN:
SF:/home/labber/scheduler/src/components/Appointment/Show.js
FN:3,Show
FNF:1
FNH:1
FNDA:5,Show
DA:4,5
LF:1
LH:1
BRDA:11,0,0,5
BRDA:11,0,1,5
BRF:2
BRH:2
end_of_record
TN:
SF:/home/labber/scheduler/src/components/Appointment/Status.js
FN:3,Status
FNF:1
FNH:1
FNDA:2,Status
DA:4,2
LF:1
LH:1
BRF:0
BRH:0
end_of_record
TN:
SF:/home/labber/scheduler/src/components/Appointment/index.js
FN:15,Appointment
FN:31,save
FN:41,(anonymous_2)
FN:42,(anonymous_3)
FN:46,destroy
FN:50,(anonymous_5)
FN:51,(anonymous_6)
FN:58,(anonymous_7)
FN:62,(anonymous_8)
FN:63,(anonymous_9)
FNF:10
FNH:4
FNDA:17,Appointment
FNDA:1,save
FNDA:1,(anonymous_2)
FNDA:0,(anonymous_3)
FNDA:0,destroy
FNDA:0,(anonymous_5)
FNDA:0,(anonymous_6)
FNDA:1,(anonymous_7)
FNDA:0,(anonymous_8)
FNDA:0,(anonymous_9)
DA:16,17
DA:17,17
DA:18,17
DA:19,17
DA:20,17
DA:21,17
DA:22,17
DA:23,17
DA:24,17
DA:26,17
DA:32,1
DA:37,1
DA:39,1
DA:41,1
DA:42,0
DA:47,0
DA:48,0
DA:50,0
DA:51,0
DA:55,17
DA:58,1
DA:62,0
DA:63,0
LF:23
LH:16
BRDA:27,0,0,6
BRDA:27,0,1,11
BRDA:58,1,0,17
BRDA:58,1,1,9
BRDA:59,2,0,17
BRDA:59,2,1,5
BRDA:67,3,0,17
BRDA:67,3,1,1
BRDA:71,4,0,17
BRDA:71,4,1,0
BRDA:81,5,0,17
BRDA:81,5,1,2
BRDA:82,6,0,17
BRDA:82,6,1,0
BRDA:84,7,0,17
BRDA:84,7,1,0
BRDA:92,8,0,17
BRDA:92,8,1,0
BRDA:95,9,0,17
BRDA:95,9,1,0
BRF:20
BRH:15
end_of_record
TN:
SF:/home/labber/scheduler/src/helpers/selectors.js
FN:1,getAppointmentsForDay
FN:2,(anonymous_1)
FN:6,(anonymous_2)
FN:9,getInterviewersForDay
FN:10,(anonymous_4)
FN:14,(anonymous_5)
FN:17,getInterview
FNF:7
FNH:7
FNDA:11,getAppointmentsForDay
FNDA:11,(anonymous_1)
FNDA:16,(anonymous_2)
FNDA:11,getInterviewersForDay
FNDA:11,(anonymous_4)
FNDA:14,(anonymous_5)
FNDA:10,getInterview
DA:2,11
DA:4,11
DA:6,16
DA:10,11
DA:12,11
DA:14,14
DA:18,10
LF:7
LH:7
BRDA:4,0,0,4
BRDA:4,0,1,7
BRDA:4,1,0,11
BRDA:4,1,1,8
BRDA:12,2,0,4
BRDA:12,2,1,7
BRDA:12,3,0,11
BRDA:12,3,1,8
BRDA:19,4,0,10
BRDA:19,4,1,6
BRF:10
BRH:10
end_of_record
TN:
SF:/home/labber/scheduler/src/hooks/useApplicationData.js
FN:13,useApplicationData
FN:21,(anonymous_1)
FN:23,(anonymous_2)
FN:29,(anonymous_3)
FN:41,bookInterview
FN:42,(anonymous_5)
FN:51,cancelInterview
FN:52,(anonymous_7)
FNF:8
FNH:6
FNDA:6,useApplicationData
FNDA:1,(anonymous_1)
FNDA:2,(anonymous_2)
FNDA:2,(anonymous_3)
FNDA:1,bookInterview
FNDA:1,(anonymous_5)
FNDA:0,cancelInterview
FNDA:0,(anonymous_7)
DA:14,6
DA:21,6
DA:23,6
DA:24,2
DA:30,2
DA:39,6
DA:42,1
DA:43,1
DA:52,0
DA:53,0
DA:61,6
LF:11
LH:9
BRF:0
BRH:0
end_of_record
TN:
SF:/home/labber/scheduler/src/hooks/useRealtimeUpdate.js
FN:4,useRealtimeUpdate
FN:5,(anonymous_1)
FN:8,(anonymous_2)
FN:16,(anonymous_3)
FNF:4
FNH:3
FNDA:6,useRealtimeUpdate
FNDA:2,(anonymous_1)
FNDA:0,(anonymous_2)
FNDA:2,(anonymous_3)
DA:5,6
DA:6,2
DA:8,2
DA:9,0
DA:11,0
DA:12,0
DA:16,2
DA:17,2
LF:8
LH:5
BRDA:11,0,0,0
BRDA:11,0,1,0
BRDA:11,1,0,0
BRDA:11,1,1,0
BRF:4
BRH:0
end_of_record
TN:
SF:/home/labber/scheduler/src/hooks/useVisualMode.js
FN:3,useVisualMode
FN:7,transition
FN:8,(anonymous_2)
FN:20,back
FN:22,(anonymous_4)
FNF:5
FNH:5
FNDA:30,useVisualMode
FNDA:8,transition
FNDA:8,(anonymous_2)
FNDA:4,back
FNDA:3,(anonymous_4)
DA:4,30
DA:8,8
DA:9,8
DA:10,8
DA:11,1
DA:13,7
DA:15,8
DA:21,4
DA:22,3
DA:26,30
LF:10
LH:10
BRDA:7,0,0,7
BRDA:10,1,0,1
BRDA:10,1,1,7
BRDA:10,2,0,8
BRDA:10,2,1,1
BRDA:21,3,0,3
BRDA:21,3,1,1
BRF:7
BRH:7
end_of_record
TN:
SF:/home/labber/scheduler/src/reducers/application.js
FN:5,reducer
FN:27,(anonymous_1)
FN:30,(anonymous_2)
FN:34,(anonymous_3)
FNF:4
FNH:4
FNDA:5,reducer
FNDA:1,(anonymous_1)
FNDA:2,(anonymous_2)
FNDA:2,(anonymous_3)
DA:1,2
DA:2,2
DA:3,2
DA:6,5
DA:8,1
DA:10,2
DA:17,1
DA:22,1
DA:27,1
DA:28,1
DA:30,2
DA:34,1
DA:35,2
DA:43,1
DA:50,1
LF:15
LH:15
BRDA:6,0,0,1
BRDA:6,0,1,2
BRDA:6,0,2,1
BRDA:6,0,3,1
BRDA:19,1,0,1
BRDA:19,1,1,1
BRDA:30,2,0,2
BRDA:30,2,1,0
BRDA:35,3,0,1
BRDA:35,3,1,1
BRF:10
BRH:9
end_of_record
